
2014-06-19 00:09:26|orderid[]|str[Buy10001126856CNY01]|hmac[9eb926b3149d9cb90f29c5f2d8605a1e]
2014-06-19 01:26:58|orderid[]|str[Buy10001126856CNY01]|hmac[9eb926b3149d9cb90f29c5f2d8605a1e]
2014-06-19 01:27:03|orderid[]|str[Buy10001126856CNY01]|hmac[9eb926b3149d9cb90f29c5f2d8605a1e]
2014-06-22 20:29:51|orderid[]|str[Buy10001126856CNY01]|hmac[9eb926b3149d9cb90f29c5f2d8605a1e]
2014-06-22 22:05:40|orderid[51ibank281403474739]|str[Buy1000112685651ibank28140347473955.44CNY充值给您的世纪唯银账户即时充值充值后的钱可用于购买世纪唯银的服务http://localhost/ibank/web/protected/utils/Payment/yeepay/callback.php028CUTCUTadd1]|hmac[94b44c11dfb8b8549df77baa15278a05]
2014-06-22 22:28:29|orderid[51ibank281403476099]|str[Buy1000112685651ibank28140347609955.44CNY充值给您的世纪唯银账户即时充值充值后的钱可用于购买世纪唯银的服务http://localhost/ibank/web/protected/utils/Payment/yeepay/callback.php028CUTnullCUTaddAndjumploan1]|hmac[5c90d51fa1a1986de814764e568f5e6a]
2014-06-22 22:51:05|orderid[51ibank281403477445]|str[Buy1000112685651ibank2814034774458.93CNY充值给您的世纪唯银账户即时充值充值后的钱可用于购买世纪唯银的服务http://localhost/ibank/web/protected/utils/Payment/yeepay/callback.php028CUTnullCUTaddAndjumploan1]|hmac[47f76b88f47997da2195737e6dcfb90d]
2014-06-22 22:54:23|orderid[51ibank281403477656]|str[Buy1000112685651ibank2814034776568.93CNY充值给您的世纪唯银账户即时充值充值后的钱可用于购买世纪唯银的服务http://localhost/ibank/web/protected/utils/Payment/yeepay/callback.php028CUTnullCUTaddAndjumploan1]|hmac[99a70bbdc6ddd1da3eb23ae7cc910e37]
2014-06-22 22:58:26|orderid[51ibank281403477901]|str[Buy1000112685651ibank2814034779018.93CNY充值给您的世纪唯银账户即时充值充值后的钱可用于购买世纪唯银的服务http://localhost/ibank/web/protected/utils/Payment/yeepay/callback.php028CUTnullCUTaddAndjumploan1]|hmac[24ae8cb445a1b8e210c6d61dc873b23e]
2014-06-22 23:01:57|orderid[51ibank281403478108]|str[Buy1000112685651ibank2814034781088.93CNY充值给您的世纪唯银账户即时充值充值后的钱可用于购买世纪唯银的服务http://localhost/ibank/web/protected/utils/Payment/yeepay/callback.php028CUTnullCUTaddAndjumploan1]|hmac[861257f183d98d047c1430db3162dcd5]
2014-06-22 23:02:51|orderid[51ibank281403478161]|str[Buy1000112685651ibank2814034781618.93CNY充值给您的世纪唯银账户即时充值充值后的钱可用于购买世纪唯银的服务http://localhost/ibank/web/protected/utils/Payment/yeepay/callback.php028CUTnullCUTaddAndjumploan1]|hmac[6995c5255c4cf521557c393b9237aaaa]
2014-06-22 23:04:01|orderid[51ibank281403478221]|str[Buy1000112685651ibank2814034782218.93CNY充值给您的世纪唯银账户即时充值充值后的钱可用于购买世纪唯银的服务http://localhost/ibank/web/protected/utils/Payment/yeepay/callback.php028CUTnullCUTaddAndjumploan1]|hmac[1fbf40c7da6b3cc1e202233ed5e1ce19]
2014-06-22 23:04:42|orderid[51ibank281403478282]|str[Buy1000112685651ibank2814034782828.93CNY充值给您的世纪唯银账户即时充值充值后的钱可用于购买世纪唯银的服务http://localhost/ibank/web/protected/utils/Payment/yeepay/callback.php028CUTnullCUTaddAndjumploan1]|hmac[23daa88c3c15e3f11fd87a962e3dffdb]
2014-06-22 23:05:53|orderid[51ibank281403478353]|str[Buy1000112685651ibank2814034783538.93CNY充值给您的世纪唯银账户即时充值充值后的钱可用于购买世纪唯银的服务http://localhost/ibank/web/protected/utils/Payment/yeepay/callback.php028CUTnullCUTaddAndjumploan1]|hmac[68dc9f4cfc45bba3a4c5df6649ebd79f]
2014-06-22 23:06:43|orderid[51ibank281403478403]|str[Buy1000112685651ibank2814034784038.93CNY充值给您的世纪唯银账户即时充值充值后的钱可用于购买世纪唯银的服务http://localhost/ibank/web/protected/utils/Payment/yeepay/callback.php028CUTnullCUTaddAndjumploan1]|hmac[0bee14006c7b1092c34481de20df6983]
2014-06-22 23:09:55|orderid[51ibank281403478595]|str[Buy1000112685651ibank2814034785958.93CNY充值给您的世纪唯银账户即时充值充值后的钱可用于购买世纪唯银的服务http://localhost/ibank/web/protected/utils/Payment/yeepay/callback.php028CUTnullCUTaddAndjumploan1]|hmac[b04b5f5fe4d6e7e8a337dec6d1f8485e]
2014-06-22 23:09:59|orderid[51ibank281403478599]|str[Buy1000112685651ibank2814034785998.93CNY充值给您的世纪唯银账户即时充值充值后的钱可用于购买世纪唯银的服务http://localhost/ibank/web/protected/utils/Payment/yeepay/callback.php028CUTnullCUTaddAndjumploan1]|hmac[a74be165b85e939918b160eede9c287b]
2014-06-22 23:16:59|orderid[51ibank281403479019]|str[Buy1000112685651ibank2814034790198.93CNY充值给您的世纪唯银账户即时充值充值后的钱可用于购买世纪唯银的服务http://localhost/ibank/web/protected/utils/Payment/yeepay/callback.php028CUTnullCUTaddAndjumploan1]|hmac[6124b4774013c6208da2c3e075645ab2]
2014-06-22 23:18:03|orderid[51ibank281403479083]|str[Buy1000112685651ibank2814034790838.93CNY充值给您的世纪唯银账户即时充值充值后的钱可用于购买世纪唯银的服务http://localhost/ibank/web/protected/utils/Payment/yeepay/callback.php028CUTnullCUTaddAndjumploan1]|hmac[429d66bd9227d51a9f18db6c9ebebac6]
2014-06-23 01:00:22|orderid[51ibank28uid1403485222]|str[Buy1000112685651ibank28uid140348522284.32CNY充值给您的世纪唯银账户即时充值充值后的钱可用于购买世纪唯银的服务http://localhost/ibank/web/protected/utils/Payment/yeepay/callback.php028CUTnullCUTaddAndjumploan1]|hmac[d7c6dd67c43e399b0009c3ddf452da0e]
2014-06-23 01:01:40|orderid[51ibank281403513278]|str[10001126856Buy1vdvdvdvdvd7.02RMB充值给您的世纪唯银账户51ibank28140351327835CUT6CUTaddAndjumploan1]|hmac[f3565ed5a2c88750d74e6b931cfde3e4]
2014-06-23 01:03:34|orderid[51ibank281403513278]|str[10001126856Buy1vdvdvdvdvd7.02RMB充值给您的世纪唯银账户51ibank28140351327835CUT6CUTaddAndjumploan1]|hmac[f3565ed5a2c88750d74e6b931cfde3e4]
2014-06-23 01:03:34|orderid[51ibank281403513278]|str[10001126856Buy1vdvdvdvdvd7.02RMB充值给您的世纪唯银账户51ibank28140351327835CUT6CUTaddAndjumploan1]|hmac[f3565ed5a2c88750d74e6b931cfde3e4]
2014-06-23 01:04:14|orderid[51ibank281403513278]|str[10001126856Buy1vdvdvdvdvd7.02RMB充值给您的世纪唯银账户51ibank28140351327835CUT6CUTaddAndjumploan1]|hmac[f3565ed5a2c88750d74e6b931cfde3e4]
2014-06-23 01:04:14|orderid[51ibank281403513278]|str[10001126856Buy1vdvdvdvdvd7.02RMB充值给您的世纪唯银账户51ibank28140351327835CUT6CUTaddAndjumploan1]|hmac[f3565ed5a2c88750d74e6b931cfde3e4]
2014-06-23 01:04:28|orderid[51ibank281403513278]|str[10001126856Buy1vdvdvdvdvd7.02RMB充值给您的世纪唯银账户51ibank28140351327835CUT6CUTaddAndjumploan1]|hmac[f3565ed5a2c88750d74e6b931cfde3e4]
2014-06-23 01:04:28|orderid[51ibank281403513278]|str[10001126856Buy1vdvdvdvdvd7.02RMB充值给您的世纪唯银账户51ibank28140351327835CUT6CUTaddAndjumploan1]|hmac[f3565ed5a2c88750d74e6b931cfde3e4]
2014-06-23 01:06:11|orderid[51ibank281403513278]|str[10001126856Buy1vdvdvdvdvd7.02RMB充值给您的世纪唯银账户51ibank28140351327835CUT6CUTaddAndjumploan1]|hmac[f3565ed5a2c88750d74e6b931cfde3e4]
2014-06-23 01:06:11|orderid[51ibank281403513278]|str[10001126856Buy1vdvdvdvdvd7.02RMB充值给您的世纪唯银账户51ibank28140351327835CUT6CUTaddAndjumploan1]|hmac[f3565ed5a2c88750d74e6b931cfde3e4]
2014-06-23 01:06:15|orderid[51ibank281403513278]|str[10001126856Buy1vdvdvdvdvd7.02RMB充值给您的世纪唯银账户51ibank28140351327835CUT6CUTaddAndjumploan1]|hmac[f3565ed5a2c88750d74e6b931cfde3e4]
2014-06-23 01:06:15|orderid[51ibank281403513278]|str[10001126856Buy1vdvdvdvdvd7.02RMB充值给您的世纪唯银账户51ibank28140351327835CUT6CUTaddAndjumploan1]|hmac[f3565ed5a2c88750d74e6b931cfde3e4]
2014-06-23 01:06:17|orderid[51ibank281403513278]|str[10001126856Buy1vdvdvdvdvd7.02RMB充值给您的世纪唯银账户51ibank28140351327835CUT6CUTaddAndjumploan1]|hmac[f3565ed5a2c88750d74e6b931cfde3e4]
2014-06-23 01:06:17|orderid[51ibank281403513278]|str[10001126856Buy1vdvdvdvdvd7.02RMB充值给您的世纪唯银账户51ibank28140351327835CUT6CUTaddAndjumploan1]|hmac[f3565ed5a2c88750d74e6b931cfde3e4]
2014-06-23 01:33:34|orderid[51ibank281403513278]|str[10001126856Buy1vdvdvdvdvd7.02RMB充值给您的世纪唯银账户51ibank28140351327835CUT6CUTaddAndjumploan1]|hmac[f3565ed5a2c88750d74e6b931cfde3e4]
2014-06-23 01:33:34|orderid[51ibank281403513278]|str[10001126856Buy1vdvdvdvdvd7.02RMB充值给您的世纪唯银账户51ibank28140351327835CUT6CUTaddAndjumploan1]|hmac[f3565ed5a2c88750d74e6b931cfde3e4]